<?xml version="1.0" encoding="UTF-8"?>
<testsuite xmlns:xsi="http://www.w3.org/2001/XMLSchema-instance" xsi:noNamespaceSchemaLocation="https://maven.apache.org/surefire/maven-surefire-plugin/xsd/surefire-test-report-3.0.xsd" version="3.0" name="pub.ess.esb.MainTest" time="1.055" tests="4" errors="0" skipped="0" failures="0">
  <properties>
    <property name="java.specification.version" value="21"/>
    <property name="sun.jnu.encoding" value="UTF-8"/>
    <property name="java.class.path" value="/Users/zhaolc/esb/server/target/test-classes:/Users/zhaolc/esb/server/target/classes:/Users/zhaolc/.m2/repository/io/helidon/config/helidon-config-yaml/4.2.0/helidon-config-yaml-4.2.0.jar:/Users/zhaolc/.m2/repository/io/helidon/config/helidon-config/4.2.0/helidon-config-4.2.0.jar:/Users/zhaolc/.m2/repository/io/helidon/common/helidon-common-media-type/4.2.0/helidon-common-media-type-4.2.0.jar:/Users/zhaolc/.m2/repository/io/helidon/common/helidon-common/4.2.0/helidon-common-4.2.0.jar:/Users/zhaolc/.m2/repository/org/yaml/snakeyaml/2.4/snakeyaml-2.4.jar:/Users/zhaolc/.m2/repository/io/helidon/health/helidon-health-checks/4.2.0/helidon-health-checks-4.2.0.jar:/Users/zhaolc/.m2/repository/io/helidon/health/helidon-health/4.2.0/helidon-health-4.2.0.jar:/Users/zhaolc/.m2/repository/io/helidon/common/helidon-common-config/4.2.0/helidon-common-config-4.2.0.jar:/Users/zhaolc/.m2/repository/io/helidon/common/helidon-common-mapper/4.2.0/helidon-common-mapper-4.2.0.jar:/Users/zhaolc/.m2/repository/io/helidon/common/helidon-common-types/4.2.0/helidon-common-types-4.2.0.jar:/Users/zhaolc/.m2/repository/io/helidon/service/helidon-service-registry/4.2.0/helidon-service-registry-4.2.0.jar:/Users/zhaolc/.m2/repository/io/helidon/service/helidon-service-metadata/4.2.0/helidon-service-metadata-4.2.0.jar:/Users/zhaolc/.m2/repository/io/helidon/http/media/helidon-http-media-jsonp/4.2.0/helidon-http-media-jsonp-4.2.0.jar:/Users/zhaolc/.m2/repository/io/helidon/http/media/helidon-http-media/4.2.0/helidon-http-media-4.2.0.jar:/Users/zhaolc/.m2/repository/io/helidon/common/helidon-common-uri/4.2.0/helidon-common-uri-4.2.0.jar:/Users/zhaolc/.m2/repository/io/helidon/common/helidon-common-parameters/4.2.0/helidon-common-parameters-4.2.0.jar:/Users/zhaolc/.m2/repository/io/helidon/common/helidon-common-buffers/4.2.0/helidon-common-buffers-4.2.0.jar:/Users/zhaolc/.m2/repository/org/eclipse/parsson/parsson/1.1.6/parsson-1.1.6.jar:/Users/zhaolc/.m2/repository/io/helidon/webclient/helidon-webclient/4.2.0/helidon-webclient-4.2.0.jar:/Users/zhaolc/.m2/repository/io/helidon/webclient/helidon-webclient-api/4.2.0/helidon-webclient-api-4.2.0.jar:/Users/zhaolc/.m2/repository/io/helidon/webclient/helidon-webclient-http1/4.2.0/helidon-webclient-http1-4.2.0.jar:/Users/zhaolc/.m2/repository/io/helidon/webserver/helidon-webserver/4.2.0/helidon-webserver-4.2.0.jar:/Users/zhaolc/.m2/repository/io/helidon/helidon/4.2.0/helidon-4.2.0.jar:/Users/zhaolc/.m2/repository/io/helidon/http/helidon-http/4.2.0/helidon-http-4.2.0.jar:/Users/zhaolc/.m2/repository/io/helidon/common/helidon-common-configurable/4.2.0/helidon-common-configurable-4.2.0.jar:/Users/zhaolc/.m2/repository/io/helidon/common/helidon-common-socket/4.2.0/helidon-common-socket-4.2.0.jar:/Users/zhaolc/.m2/repository/io/helidon/common/helidon-common-context/4.2.0/helidon-common-context-4.2.0.jar:/Users/zhaolc/.m2/repository/io/helidon/common/helidon-common-key-util/4.2.0/helidon-common-key-util-4.2.0.jar:/Users/zhaolc/.m2/repository/io/helidon/common/helidon-common-security/4.2.0/helidon-common-security-4.2.0.jar:/Users/zhaolc/.m2/repository/io/helidon/common/helidon-common-task/4.2.0/helidon-common-task-4.2.0.jar:/Users/zhaolc/.m2/repository/io/helidon/common/helidon-common-tls/4.2.0/helidon-common-tls-4.2.0.jar:/Users/zhaolc/.m2/repository/io/helidon/common/helidon-common-resumable/4.2.0/helidon-common-resumable-4.2.0.jar:/Users/zhaolc/.m2/repository/io/helidon/logging/helidon-logging-common/4.2.0/helidon-logging-common-4.2.0.jar:/Users/zhaolc/.m2/repository/io/helidon/http/encoding/helidon-http-encoding/4.2.0/helidon-http-encoding-4.2.0.jar:/Users/zhaolc/.m2/repository/io/helidon/common/features/helidon-common-features/4.2.0/helidon-common-features-4.2.0.jar:/Users/zhaolc/.m2/repository/io/helidon/common/features/helidon-common-features-api/4.2.0/helidon-common-features-api-4.2.0.jar:/Users/zhaolc/.m2/repository/io/helidon/common/concurrency/helidon-common-concurrency-limits/4.2.0/helidon-common-concurrency-limits-4.2.0.jar:/Users/zhaolc/.m2/repository/io/helidon/webserver/helidon-webserver-static-content/4.2.0/helidon-webserver-static-content-4.2.0.jar:/Users/zhaolc/.m2/repository/io/helidon/webserver/helidon-webserver-websocket/4.2.0/helidon-webserver-websocket-4.2.0.jar:/Users/zhaolc/.m2/repository/io/helidon/websocket/helidon-websocket/4.2.0/helidon-websocket-4.2.0.jar:/Users/zhaolc/.m2/repository/io/helidon/builder/helidon-builder-api/4.2.0/helidon-builder-api-4.2.0.jar:/Users/zhaolc/.m2/repository/io/helidon/webserver/observe/helidon-webserver-observe-health/4.2.0/helidon-webserver-observe-health-4.2.0.jar:/Users/zhaolc/.m2/repository/io/helidon/webserver/observe/helidon-webserver-observe/4.2.0/helidon-webserver-observe-4.2.0.jar:/Users/zhaolc/.m2/repository/io/helidon/webserver/helidon-webserver-cors/4.2.0/helidon-webserver-cors-4.2.0.jar:/Users/zhaolc/.m2/repository/io/helidon/cors/helidon-cors/4.2.0/helidon-cors-4.2.0.jar:/Users/zhaolc/.m2/repository/io/helidon/webserver/helidon-webserver-service-common/4.2.0/helidon-webserver-service-common-4.2.0.jar:/Users/zhaolc/.m2/repository/io/helidon/webserver/observe/helidon-webserver-observe-metrics/4.2.0/helidon-webserver-observe-metrics-4.2.0.jar:/Users/zhaolc/.m2/repository/io/helidon/metrics/helidon-metrics-api/4.2.0/helidon-metrics-api-4.2.0.jar:/Users/zhaolc/.m2/repository/io/helidon/metrics/providers/helidon-metrics-providers-micrometer/4.2.0/helidon-metrics-providers-micrometer-4.2.0.jar:/Users/zhaolc/.m2/repository/io/micrometer/micrometer-core/1.13.4/micrometer-core-1.13.4.jar:/Users/zhaolc/.m2/repository/io/micrometer/micrometer-commons/1.13.4/micrometer-commons-1.13.4.jar:/Users/zhaolc/.m2/repository/io/micrometer/micrometer-observation/1.13.4/micrometer-observation-1.13.4.jar:/Users/zhaolc/.m2/repository/org/hdrhistogram/HdrHistogram/2.2.2/HdrHistogram-2.2.2.jar:/Users/zhaolc/.m2/repository/org/latencyutils/LatencyUtils/2.0.3/LatencyUtils-2.0.3.jar:/Users/zhaolc/.m2/repository/io/micrometer/micrometer-registry-prometheus/1.13.4/micrometer-registry-prometheus-1.13.4.jar:/Users/zhaolc/.m2/repository/io/prometheus/prometheus-metrics-core/1.2.1/prometheus-metrics-core-1.2.1.jar:/Users/zhaolc/.m2/repository/io/prometheus/prometheus-metrics-model/1.2.1/prometheus-metrics-model-1.2.1.jar:/Users/zhaolc/.m2/repository/io/prometheus/prometheus-metrics-config/1.2.1/prometheus-metrics-config-1.2.1.jar:/Users/zhaolc/.m2/repository/io/prometheus/prometheus-metrics-tracer-common/1.2.1/prometheus-metrics-tracer-common-1.2.1.jar:/Users/zhaolc/.m2/repository/io/prometheus/prometheus-metrics-exposition-formats/1.2.1/prometheus-metrics-exposition-formats-1.2.1.jar:/Users/zhaolc/.m2/repository/io/prometheus/prometheus-metrics-shaded-protobuf/1.2.1/prometheus-metrics-shaded-protobuf-1.2.1.jar:/Users/zhaolc/.m2/repository/io/micrometer/micrometer-registry-prometheus-simpleclient/1.13.4/micrometer-registry-prometheus-simpleclient-1.13.4.jar:/Users/zhaolc/.m2/repository/io/prometheus/simpleclient_common/0.16.0/simpleclient_common-0.16.0.jar:/Users/zhaolc/.m2/repository/io/prometheus/simpleclient/0.16.0/simpleclient-0.16.0.jar:/Users/zhaolc/.m2/repository/io/prometheus/simpleclient_tracer_otel/0.16.0/simpleclient_tracer_otel-0.16.0.jar:/Users/zhaolc/.m2/repository/io/prometheus/simpleclient_tracer_otel_agent/0.16.0/simpleclient_tracer_otel_agent-0.16.0.jar:/Users/zhaolc/.m2/repository/io/prometheus/simpleclient_tracer_common/0.16.0/simpleclient_tracer_common-0.16.0.jar:/Users/zhaolc/.m2/repository/jakarta/json/jakarta.json-api/2.1.3/jakarta.json-api-2.1.3.jar:/Users/zhaolc/.m2/repository/io/helidon/logging/helidon-logging-jul/4.2.0/helidon-logging-jul-4.2.0.jar:/Users/zhaolc/.m2/repository/io/helidon/metadata/helidon-metadata-hson/4.2.0/helidon-metadata-hson-4.2.0.jar:/Users/zhaolc/.m2/repository/io/helidon/metrics/helidon-metrics-system-meters/4.2.0/helidon-metrics-system-meters-4.2.0.jar:/Users/zhaolc/.m2/repository/org/hamcrest/hamcrest-all/1.3/hamcrest-all-1.3.jar:/Users/zhaolc/.m2/repository/org/junit/jupiter/junit-jupiter-api/5.9.3/junit-jupiter-api-5.9.3.jar:/Users/zhaolc/.m2/repository/org/opentest4j/opentest4j/1.2.0/opentest4j-1.2.0.jar:/Users/zhaolc/.m2/repository/org/junit/platform/junit-platform-commons/1.9.3/junit-platform-commons-1.9.3.jar:/Users/zhaolc/.m2/repository/org/apiguardian/apiguardian-api/1.1.2/apiguardian-api-1.1.2.jar:/Users/zhaolc/.m2/repository/io/helidon/webserver/testing/junit5/helidon-webserver-testing-junit5/4.2.0/helidon-webserver-testing-junit5-4.2.0.jar:/Users/zhaolc/.m2/repository/io/helidon/testing/helidon-testing-junit5/4.2.0/helidon-testing-junit5-4.2.0.jar:/Users/zhaolc/.m2/repository/io/helidon/testing/helidon-testing/4.2.0/helidon-testing-4.2.0.jar:/Users/zhaolc/.m2/repository/io/helidon/common/testing/helidon-common-testing-http-junit5/4.2.0/helidon-common-testing-http-junit5-4.2.0.jar:/Users/zhaolc/.m2/repository/io/helidon/common/testing/helidon-common-testing-junit5/4.2.0/helidon-common-testing-junit5-4.2.0.jar:/Users/zhaolc/.m2/repository/io/helidon/common/testing/helidon-common-testing-virtual-threads/4.2.0/helidon-common-testing-virtual-threads-4.2.0.jar:"/>
    <property name="helidon.config.profile" value="test"/>
    <property name="java.vm.vendor" value="Oracle Corporation"/>
    <property name="sun.arch.data.model" value="64"/>
    <property name="java.vendor.url" value="https://java.oracle.com/"/>
    <property name="user.timezone" value="Asia/Shanghai"/>
    <property name="os.name" value="Mac OS X"/>
    <property name="java.vm.specification.version" value="21"/>
    <property name="sun.java.launcher" value="SUN_STANDARD"/>
    <property name="user.country" value="CN"/>
    <property name="sun.boot.library.path" value="/Users/zhaolc/.sdkman/candidates/java/21.0.6-oracle/lib"/>
    <property name="sun.java.command" value="/Users/zhaolc/esb/server/target/surefire/surefirebooter-20250318224151416_3.jar /Users/zhaolc/esb/server/target/surefire 2025-03-18T22-41-51_325-jvmRun1 surefire-20250318224151416_1tmp surefire_0-20250318224151416_2tmp"/>
    <property name="http.nonProxyHosts" value="local|*.local|169.254/16|*.169.254/16"/>
    <property name="jdk.debug" value="release"/>
    <property name="surefire.test.class.path" value="/Users/zhaolc/esb/server/target/test-classes:/Users/zhaolc/esb/server/target/classes:/Users/zhaolc/.m2/repository/io/helidon/config/helidon-config-yaml/4.2.0/helidon-config-yaml-4.2.0.jar:/Users/zhaolc/.m2/repository/io/helidon/config/helidon-config/4.2.0/helidon-config-4.2.0.jar:/Users/zhaolc/.m2/repository/io/helidon/common/helidon-common-media-type/4.2.0/helidon-common-media-type-4.2.0.jar:/Users/zhaolc/.m2/repository/io/helidon/common/helidon-common/4.2.0/helidon-common-4.2.0.jar:/Users/zhaolc/.m2/repository/org/yaml/snakeyaml/2.4/snakeyaml-2.4.jar:/Users/zhaolc/.m2/repository/io/helidon/health/helidon-health-checks/4.2.0/helidon-health-checks-4.2.0.jar:/Users/zhaolc/.m2/repository/io/helidon/health/helidon-health/4.2.0/helidon-health-4.2.0.jar:/Users/zhaolc/.m2/repository/io/helidon/common/helidon-common-config/4.2.0/helidon-common-config-4.2.0.jar:/Users/zhaolc/.m2/repository/io/helidon/common/helidon-common-mapper/4.2.0/helidon-common-mapper-4.2.0.jar:/Users/zhaolc/.m2/repository/io/helidon/common/helidon-common-types/4.2.0/helidon-common-types-4.2.0.jar:/Users/zhaolc/.m2/repository/io/helidon/service/helidon-service-registry/4.2.0/helidon-service-registry-4.2.0.jar:/Users/zhaolc/.m2/repository/io/helidon/service/helidon-service-metadata/4.2.0/helidon-service-metadata-4.2.0.jar:/Users/zhaolc/.m2/repository/io/helidon/http/media/helidon-http-media-jsonp/4.2.0/helidon-http-media-jsonp-4.2.0.jar:/Users/zhaolc/.m2/repository/io/helidon/http/media/helidon-http-media/4.2.0/helidon-http-media-4.2.0.jar:/Users/zhaolc/.m2/repository/io/helidon/common/helidon-common-uri/4.2.0/helidon-common-uri-4.2.0.jar:/Users/zhaolc/.m2/repository/io/helidon/common/helidon-common-parameters/4.2.0/helidon-common-parameters-4.2.0.jar:/Users/zhaolc/.m2/repository/io/helidon/common/helidon-common-buffers/4.2.0/helidon-common-buffers-4.2.0.jar:/Users/zhaolc/.m2/repository/org/eclipse/parsson/parsson/1.1.6/parsson-1.1.6.jar:/Users/zhaolc/.m2/repository/io/helidon/webclient/helidon-webclient/4.2.0/helidon-webclient-4.2.0.jar:/Users/zhaolc/.m2/repository/io/helidon/webclient/helidon-webclient-api/4.2.0/helidon-webclient-api-4.2.0.jar:/Users/zhaolc/.m2/repository/io/helidon/webclient/helidon-webclient-http1/4.2.0/helidon-webclient-http1-4.2.0.jar:/Users/zhaolc/.m2/repository/io/helidon/webserver/helidon-webserver/4.2.0/helidon-webserver-4.2.0.jar:/Users/zhaolc/.m2/repository/io/helidon/helidon/4.2.0/helidon-4.2.0.jar:/Users/zhaolc/.m2/repository/io/helidon/http/helidon-http/4.2.0/helidon-http-4.2.0.jar:/Users/zhaolc/.m2/repository/io/helidon/common/helidon-common-configurable/4.2.0/helidon-common-configurable-4.2.0.jar:/Users/zhaolc/.m2/repository/io/helidon/common/helidon-common-socket/4.2.0/helidon-common-socket-4.2.0.jar:/Users/zhaolc/.m2/repository/io/helidon/common/helidon-common-context/4.2.0/helidon-common-context-4.2.0.jar:/Users/zhaolc/.m2/repository/io/helidon/common/helidon-common-key-util/4.2.0/helidon-common-key-util-4.2.0.jar:/Users/zhaolc/.m2/repository/io/helidon/common/helidon-common-security/4.2.0/helidon-common-security-4.2.0.jar:/Users/zhaolc/.m2/repository/io/helidon/common/helidon-common-task/4.2.0/helidon-common-task-4.2.0.jar:/Users/zhaolc/.m2/repository/io/helidon/common/helidon-common-tls/4.2.0/helidon-common-tls-4.2.0.jar:/Users/zhaolc/.m2/repository/io/helidon/common/helidon-common-resumable/4.2.0/helidon-common-resumable-4.2.0.jar:/Users/zhaolc/.m2/repository/io/helidon/logging/helidon-logging-common/4.2.0/helidon-logging-common-4.2.0.jar:/Users/zhaolc/.m2/repository/io/helidon/http/encoding/helidon-http-encoding/4.2.0/helidon-http-encoding-4.2.0.jar:/Users/zhaolc/.m2/repository/io/helidon/common/features/helidon-common-features/4.2.0/helidon-common-features-4.2.0.jar:/Users/zhaolc/.m2/repository/io/helidon/common/features/helidon-common-features-api/4.2.0/helidon-common-features-api-4.2.0.jar:/Users/zhaolc/.m2/repository/io/helidon/common/concurrency/helidon-common-concurrency-limits/4.2.0/helidon-common-concurrency-limits-4.2.0.jar:/Users/zhaolc/.m2/repository/io/helidon/webserver/helidon-webserver-static-content/4.2.0/helidon-webserver-static-content-4.2.0.jar:/Users/zhaolc/.m2/repository/io/helidon/webserver/helidon-webserver-websocket/4.2.0/helidon-webserver-websocket-4.2.0.jar:/Users/zhaolc/.m2/repository/io/helidon/websocket/helidon-websocket/4.2.0/helidon-websocket-4.2.0.jar:/Users/zhaolc/.m2/repository/io/helidon/builder/helidon-builder-api/4.2.0/helidon-builder-api-4.2.0.jar:/Users/zhaolc/.m2/repository/io/helidon/webserver/observe/helidon-webserver-observe-health/4.2.0/helidon-webserver-observe-health-4.2.0.jar:/Users/zhaolc/.m2/repository/io/helidon/webserver/observe/helidon-webserver-observe/4.2.0/helidon-webserver-observe-4.2.0.jar:/Users/zhaolc/.m2/repository/io/helidon/webserver/helidon-webserver-cors/4.2.0/helidon-webserver-cors-4.2.0.jar:/Users/zhaolc/.m2/repository/io/helidon/cors/helidon-cors/4.2.0/helidon-cors-4.2.0.jar:/Users/zhaolc/.m2/repository/io/helidon/webserver/helidon-webserver-service-common/4.2.0/helidon-webserver-service-common-4.2.0.jar:/Users/zhaolc/.m2/repository/io/helidon/webserver/observe/helidon-webserver-observe-metrics/4.2.0/helidon-webserver-observe-metrics-4.2.0.jar:/Users/zhaolc/.m2/repository/io/helidon/metrics/helidon-metrics-api/4.2.0/helidon-metrics-api-4.2.0.jar:/Users/zhaolc/.m2/repository/io/helidon/metrics/providers/helidon-metrics-providers-micrometer/4.2.0/helidon-metrics-providers-micrometer-4.2.0.jar:/Users/zhaolc/.m2/repository/io/micrometer/micrometer-core/1.13.4/micrometer-core-1.13.4.jar:/Users/zhaolc/.m2/repository/io/micrometer/micrometer-commons/1.13.4/micrometer-commons-1.13.4.jar:/Users/zhaolc/.m2/repository/io/micrometer/micrometer-observation/1.13.4/micrometer-observation-1.13.4.jar:/Users/zhaolc/.m2/repository/org/hdrhistogram/HdrHistogram/2.2.2/HdrHistogram-2.2.2.jar:/Users/zhaolc/.m2/repository/org/latencyutils/LatencyUtils/2.0.3/LatencyUtils-2.0.3.jar:/Users/zhaolc/.m2/repository/io/micrometer/micrometer-registry-prometheus/1.13.4/micrometer-registry-prometheus-1.13.4.jar:/Users/zhaolc/.m2/repository/io/prometheus/prometheus-metrics-core/1.2.1/prometheus-metrics-core-1.2.1.jar:/Users/zhaolc/.m2/repository/io/prometheus/prometheus-metrics-model/1.2.1/prometheus-metrics-model-1.2.1.jar:/Users/zhaolc/.m2/repository/io/prometheus/prometheus-metrics-config/1.2.1/prometheus-metrics-config-1.2.1.jar:/Users/zhaolc/.m2/repository/io/prometheus/prometheus-metrics-tracer-common/1.2.1/prometheus-metrics-tracer-common-1.2.1.jar:/Users/zhaolc/.m2/repository/io/prometheus/prometheus-metrics-exposition-formats/1.2.1/prometheus-metrics-exposition-formats-1.2.1.jar:/Users/zhaolc/.m2/repository/io/prometheus/prometheus-metrics-shaded-protobuf/1.2.1/prometheus-metrics-shaded-protobuf-1.2.1.jar:/Users/zhaolc/.m2/repository/io/micrometer/micrometer-registry-prometheus-simpleclient/1.13.4/micrometer-registry-prometheus-simpleclient-1.13.4.jar:/Users/zhaolc/.m2/repository/io/prometheus/simpleclient_common/0.16.0/simpleclient_common-0.16.0.jar:/Users/zhaolc/.m2/repository/io/prometheus/simpleclient/0.16.0/simpleclient-0.16.0.jar:/Users/zhaolc/.m2/repository/io/prometheus/simpleclient_tracer_otel/0.16.0/simpleclient_tracer_otel-0.16.0.jar:/Users/zhaolc/.m2/repository/io/prometheus/simpleclient_tracer_otel_agent/0.16.0/simpleclient_tracer_otel_agent-0.16.0.jar:/Users/zhaolc/.m2/repository/io/prometheus/simpleclient_tracer_common/0.16.0/simpleclient_tracer_common-0.16.0.jar:/Users/zhaolc/.m2/repository/jakarta/json/jakarta.json-api/2.1.3/jakarta.json-api-2.1.3.jar:/Users/zhaolc/.m2/repository/io/helidon/logging/helidon-logging-jul/4.2.0/helidon-logging-jul-4.2.0.jar:/Users/zhaolc/.m2/repository/io/helidon/metadata/helidon-metadata-hson/4.2.0/helidon-metadata-hson-4.2.0.jar:/Users/zhaolc/.m2/repository/io/helidon/metrics/helidon-metrics-system-meters/4.2.0/helidon-metrics-system-meters-4.2.0.jar:/Users/zhaolc/.m2/repository/org/hamcrest/hamcrest-all/1.3/hamcrest-all-1.3.jar:/Users/zhaolc/.m2/repository/org/junit/jupiter/junit-jupiter-api/5.9.3/junit-jupiter-api-5.9.3.jar:/Users/zhaolc/.m2/repository/org/opentest4j/opentest4j/1.2.0/opentest4j-1.2.0.jar:/Users/zhaolc/.m2/repository/org/junit/platform/junit-platform-commons/1.9.3/junit-platform-commons-1.9.3.jar:/Users/zhaolc/.m2/repository/org/apiguardian/apiguardian-api/1.1.2/apiguardian-api-1.1.2.jar:/Users/zhaolc/.m2/repository/io/helidon/webserver/testing/junit5/helidon-webserver-testing-junit5/4.2.0/helidon-webserver-testing-junit5-4.2.0.jar:/Users/zhaolc/.m2/repository/io/helidon/testing/helidon-testing-junit5/4.2.0/helidon-testing-junit5-4.2.0.jar:/Users/zhaolc/.m2/repository/io/helidon/testing/helidon-testing/4.2.0/helidon-testing-4.2.0.jar:/Users/zhaolc/.m2/repository/io/helidon/common/testing/helidon-common-testing-http-junit5/4.2.0/helidon-common-testing-http-junit5-4.2.0.jar:/Users/zhaolc/.m2/repository/io/helidon/common/testing/helidon-common-testing-junit5/4.2.0/helidon-common-testing-junit5-4.2.0.jar:/Users/zhaolc/.m2/repository/io/helidon/common/testing/helidon-common-testing-virtual-threads/4.2.0/helidon-common-testing-virtual-threads-4.2.0.jar:"/>
    <property name="sun.cpu.endian" value="little"/>
    <property name="user.home" value="/Users/zhaolc"/>
    <property name="user.language" value="zh"/>
    <property name="java.specification.vendor" value="Oracle Corporation"/>
    <property name="java.version.date" value="2025-01-21"/>
    <property name="java.home" value="/Users/zhaolc/.sdkman/candidates/java/21.0.6-oracle"/>
    <property name="file.separator" value="/"/>
    <property name="basedir" value="/Users/zhaolc/esb/server"/>
    <property name="java.vm.compressedOopsMode" value="Zero based"/>
    <property name="line.separator" value="&#10;"/>
    <property name="java.vm.specification.vendor" value="Oracle Corporation"/>
    <property name="java.specification.name" value="Java Platform API Specification"/>
    <property name="apple.awt.application.name" value="ForkedBooter"/>
    <property name="surefire.real.class.path" value="/Users/zhaolc/esb/server/target/surefire/surefirebooter-20250318224151416_3.jar"/>
    <property name="user.script" value="Hans"/>
    <property name="java.util.logging.config.file" value="/Users/zhaolc/esb/server/target/classes/logging.properties"/>
    <property name="sun.management.compiler" value="HotSpot 64-Bit Tiered Compilers"/>
    <property name="ftp.nonProxyHosts" value="local|*.local|169.254/16|*.169.254/16"/>
    <property name="java.runtime.version" value="21.0.6+8-LTS-188"/>
    <property name="user.name" value="zhaolc"/>
    <property name="stdout.encoding" value="UTF-8"/>
    <property name="path.separator" value=":"/>
    <property name="os.version" value="15.3.2"/>
    <property name="java.runtime.name" value="Java(TM) SE Runtime Environment"/>
    <property name="file.encoding" value="UTF-8"/>
    <property name="java.vm.name" value="Java HotSpot(TM) 64-Bit Server VM"/>
    <property name="localRepository" value="/Users/zhaolc/.m2/repository"/>
    <property name="java.vendor.url.bug" value="https://bugreport.java.com/bugreport/"/>
    <property name="java.io.tmpdir" value="/var/folders/_k/sz7zpw5d1z3bkgm8_2_q4wn80000gp/T/"/>
    <property name="java.version" value="21.0.6"/>
    <property name="user.dir" value="/Users/zhaolc/esb/server"/>
    <property name="os.arch" value="x86_64"/>
    <property name="java.vm.specification.name" value="Java Virtual Machine Specification"/>
    <property name="native.encoding" value="UTF-8"/>
    <property name="java.library.path" value="/Users/zhaolc/Library/Java/Extensions:/Library/Java/Extensions:/Network/Library/Java/Extensions:/System/Library/Java/Extensions:/usr/lib/java:."/>
    <property name="java.vm.info" value="mixed mode, sharing"/>
    <property name="stderr.encoding" value="UTF-8"/>
    <property name="java.vendor" value="Oracle Corporation"/>
    <property name="java.vm.version" value="21.0.6+8-LTS-188"/>
    <property name="sun.io.unicode.encoding" value="UnicodeBig"/>
    <property name="socksNonProxyHosts" value="local|*.local|169.254/16|*.169.254/16"/>
    <property name="java.class.version" value="65.0"/>
  </properties>
  <testcase name="testSimpleGreet" classname="pub.ess.esb.MainTest" time="0.123">
    <system-out><![CDATA[2025.03.18 22:41:52.118 INFO Logging at runtime configured using /Users/zhaolc/esb/server/target/classes/logging.properties
]]></system-out>
  </testcase>
  <testcase name="testUi" classname="pub.ess.esb.MainTest" time="0.033"/>
  <testcase name="testMetricsObserver" classname="pub.ess.esb.MainTest" time="0.024"/>
  <testcase name="testGreeting" classname="pub.ess.esb.MainTest" time="0.006"/>
</testsuite>